<?xml version="1.0" encoding="utf-8"?>
<CoverageSession xmlns:xsd="http://www.w3.org/2001/XMLSchema" xmlns:xsi="http://www.w3.org/2001/XMLSchema-instance">
  <Summary numSequencePoints="0" visitedSequencePoints="0" numBranchPoints="0" visitedBranchPoints="0" sequenceCoverage="0" branchCoverage="0" maxCyclomaticComplexity="0" minCyclomaticComplexity="0" visitedClasses="0" numClasses="0" visitedMethods="0" numMethods="0" />
  <Modules>
    <Module skippedDueTo="Filter" hash="FF-41-88-6A-C0-F3-85-4B-F2-BA-9E-EF-41-EE-D4-07-50-7D-EF-0B">
      <ModulePath>C:\WINDOWS\Microsoft.Net\assembly\GAC_64\mscorlib\v4.0_4.0.0.0__b77a5c561934e089\mscorlib.dll</ModulePath>
      <ModuleTime>2018-08-14T02:13:54.9543308Z</ModuleTime>
      <ModuleName>mscorlib</ModuleName>
      <Classes />
    </Module>
    <Module skippedDueTo="Filter" hash="EA-2C-D7-E4-23-35-C1-89-CC-E5-32-F0-32-CD-EA-0D-E5-30-40-DD">
      <ModulePath>C:\Users\jhan\.nuget\packages\xunit.runner.console\2.4.1\tools\net461\xunit.console.exe</ModulePath>
      <ModuleTime>2018-10-29T08:17:04Z</ModuleTime>
      <ModuleName>xunit.console</ModuleName>
      <Classes />
    </Module>
    <Module skippedDueTo="Filter" hash="BA-2D-A2-89-60-CC-04-D2-4C-B8-45-9A-16-30-03-0D-06-72-A1-67">
      <ModulePath>C:\Users\jhan\.nuget\packages\xunit.runner.console\2.4.1\tools\net461\xunit.abstractions.dll</ModulePath>
      <ModuleTime>2018-10-29T08:17:02Z</ModuleTime>
      <ModuleName>xunit.abstractions</ModuleName>
      <Classes />
    </Module>
    <Module skippedDueTo="Filter" hash="7B-9A-AB-FE-2F-2E-1F-20-5A-36-8B-C0-38-08-BB-92-E3-B7-A8-18">
      <ModulePath>C:\WINDOWS\Microsoft.Net\assembly\GAC_MSIL\System.Core\v4.0_4.0.0.0__b77a5c561934e089\System.Core.dll</ModulePath>
      <ModuleTime>2018-08-14T02:15:16.8520929Z</ModuleTime>
      <ModuleName>System.Core</ModuleName>
      <Classes />
    </Module>
    <Module skippedDueTo="Filter" hash="ED-8D-DE-19-A8-B4-D0-71-C3-FE-50-25-D0-B4-5A-BA-2B-A9-BF-CC">
      <ModulePath>C:\Users\jhan\.nuget\packages\xunit.runner.console\2.4.1\tools\net461\xunit.runner.utility.net452.dll</ModulePath>
      <ModuleTime>2018-10-29T08:17:02Z</ModuleTime>
      <ModuleName>xunit.runner.utility.net452</ModuleName>
      <Classes />
    </Module>
    <Module skippedDueTo="Filter" hash="BA-D5-C6-DC-0C-59-DA-6B-C8-40-22-29-40-86-10-C6-40-6D-57-E5">
      <ModulePath>C:\WINDOWS\Microsoft.Net\assembly\GAC_MSIL\System\v4.0_4.0.0.0__b77a5c561934e089\System.dll</ModulePath>
      <ModuleTime>2018-08-14T02:15:16.7427109Z</ModuleTime>
      <ModuleName>System</ModuleName>
      <Classes />
    </Module>
    <Module skippedDueTo="Filter" hash="EE-87-E3-8B-35-D7-7B-51-75-59-60-AC-9C-42-7D-75-33-40-43-72">
      <ModulePath>C:\WINDOWS\Microsoft.Net\assembly\GAC_MSIL\System.Xml.Linq\v4.0_4.0.0.0__b77a5c561934e089\System.Xml.Linq.dll</ModulePath>
      <ModuleTime>2018-04-11T23:35:18.3885028Z</ModuleTime>
      <ModuleName>System.Xml.Linq</ModuleName>
      <Classes />
    </Module>
    <Module skippedDueTo="Filter" hash="F2-26-5B-FA-55-E9-5B-BC-DD-3A-32-56-2C-38-71-11-1A-8E-6D-32">
      <ModulePath>C:\WINDOWS\Microsoft.Net\assembly\GAC_MSIL\System.Xml\v4.0_4.0.0.0__b77a5c561934e089\System.Xml.dll</ModulePath>
      <ModuleTime>2018-04-11T23:35:17.0290261Z</ModuleTime>
      <ModuleName>System.Xml</ModuleName>
      <Classes />
    </Module>
    <Module skippedDueTo="Filter" hash="E5-39-13-52-2A-0A-F1-84-D3-B0-BD-F2-5A-59-93-34-9C-46-18-65">
      <ModulePath>C:\Users\jhan\.nuget\packages\xunit.runner.console\2.4.1\tools\net461\xunit.runner.reporters.net452.dll</ModulePath>
      <ModuleTime>2018-10-29T08:17:02Z</ModuleTime>
      <ModuleName>xunit.runner.reporters.net452</ModuleName>
      <Classes />
    </Module>
    <Module skippedDueTo="Filter" hash="19-6F-A5-C6-C2-4E-32-27-A2-D0-61-D8-30-02-1D-0F-63-C0-78-46">
      <ModulePath>C:\WINDOWS\Microsoft.Net\assembly\GAC_MSIL\System.Net.Http\v4.0_4.0.0.0__b03f5f7f11d50a3a\System.Net.Http.dll</ModulePath>
      <ModuleTime>2018-04-11T23:35:18.1697369Z</ModuleTime>
      <ModuleName>System.Net.Http</ModuleName>
      <Classes />
    </Module>
    <Module skippedDueTo="Filter" hash="5D-11-B3-06-06-08-5F-E2-66-89-AE-C6-ED-96-26-D1-36-92-44-EF">
      <ModulePath>C:\WINDOWS\Microsoft.Net\assembly\GAC_64\System.Web\v4.0_4.0.0.0__b03f5f7f11d50a3a\System.Web.dll</ModulePath>
      <ModuleTime>2018-08-10T20:44:44.6448853Z</ModuleTime>
      <ModuleName>System.Web</ModuleName>
      <Classes />
    </Module>
    <Module skippedDueTo="Filter" hash="2A-F4-1C-14-5D-7A-74-B3-03-8B-1D-2A-59-DC-B6-BE-1D-C8-EF-54">
      <ModulePath>C:\WINDOWS\Microsoft.Net\assembly\GAC_MSIL\System.Configuration\v4.0_4.0.0.0__b03f5f7f11d50a3a\System.Configuration.dll</ModulePath>
      <ModuleTime>2018-04-11T23:35:16.9508953Z</ModuleTime>
      <ModuleName>System.Configuration</ModuleName>
      <Classes />
    </Module>
    <Module skippedDueTo="Filter" hash="ED-8D-DE-19-A8-B4-D0-71-C3-FE-50-25-D0-B4-5A-BA-2B-A9-BF-CC">
      <ModulePath>C:\Users\jhan\AppData\Local\Temp\93972284-e438-43a8-b886-5cb4478710d7\93972284-e438-43a8-b886-5cb4478710d7\assembly\dl3\2e9cc2dc\00531ac5_5f6fd401\xunit.runner.utility.net452.dll</ModulePath>
      <ModuleTime>2018-11-08T14:44:03.7862807Z</ModuleTime>
      <ModuleName>xunit.runner.utility.net452</ModuleName>
      <Classes />
    </Module>
    <Module skippedDueTo="Filter" hash="7B-9A-AB-FE-2F-2E-1F-20-5A-36-8B-C0-38-08-BB-92-E3-B7-A8-18">
      <ModulePath>C:\WINDOWS\Microsoft.Net\assembly\GAC_MSIL\System.Core\v4.0_4.0.0.0__b77a5c561934e089\System.Core.dll</ModulePath>
      <ModuleTime>2018-08-14T02:15:16.8520929Z</ModuleTime>
      <ModuleName>System.Core</ModuleName>
      <Classes />
    </Module>
    <Module skippedDueTo="Filter" hash="BA-D5-C6-DC-0C-59-DA-6B-C8-40-22-29-40-86-10-C6-40-6D-57-E5">
      <ModulePath>C:\WINDOWS\Microsoft.Net\assembly\GAC_MSIL\System\v4.0_4.0.0.0__b77a5c561934e089\System.dll</ModulePath>
      <ModuleTime>2018-08-14T02:15:16.7427109Z</ModuleTime>
      <ModuleName>System</ModuleName>
      <Classes />
    </Module>
    <Module skippedDueTo="MissingPdb" hash="">
      <ModulePath>RefEmit_InMemoryManifestModule</ModulePath>
      <ModuleTime>0001-01-01T00:00:00</ModuleTime>
      <ModuleName>Anonymously Hosted DynamicMethods Assembly</ModuleName>
      <Classes />
    </Module>
    <Module skippedDueTo="MissingPdb" hash="7C-19-9B-A7-9C-98-A4-CD-80-0D-D6-12-B4-EA-7D-F7-FC-5D-10-44">
      <ModulePath>C:\Users\jhan\source\repos\NukeAutomation\tests\NukeAutomation_Test\bin\Debug\net461\NukeAutomation_Test.dll</ModulePath>
      <ModuleTime>2018-11-08T14:44:01.3928583Z</ModuleTime>
      <ModuleName>NukeAutomation_Test</ModuleName>
      <Classes />
    </Module>
    <Module skippedDueTo="Filter" hash="ED-8D-DE-19-A8-B4-D0-71-C3-FE-50-25-D0-B4-5A-BA-2B-A9-BF-CC">
      <ModulePath>C:\Users\jhan\.nuget\packages\xunit.runner.console\2.4.1\tools\net461\xunit.runner.utility.net452.dll</ModulePath>
      <ModuleTime>2018-10-29T08:17:02Z</ModuleTime>
      <ModuleName>xunit.runner.utility.net452</ModuleName>
      <Classes />
    </Module>
    <Module skippedDueTo="Filter" hash="39-DB-4E-F6-A9-81-08-00-33-8D-EC-91-F5-56-FB-4D-0A-ED-99-9F">
      <ModulePath>C:\Users\jhan\AppData\Local\Temp\32aa2de6-4e7b-4fe8-ab24-039534a7cbe0\32aa2de6-4e7b-4fe8-ab24-039534a7cbe0\assembly\dl3\0b2346db\006141cc_5f6fd401\xunit.abstractions.dll</ModulePath>
      <ModuleTime>2018-11-08T14:44:04.0648052Z</ModuleTime>
      <ModuleName>xunit.abstractions</ModuleName>
      <Classes />
    </Module>
    <Module skippedDueTo="Filter" hash="1D-38-FA-64-8C-19-3B-5A-2F-20-D8-11-BB-40-9E-11-85-D9-1B-CD">
      <ModulePath>C:\Users\jhan\AppData\Local\Temp\32aa2de6-4e7b-4fe8-ab24-039534a7cbe0\32aa2de6-4e7b-4fe8-ab24-039534a7cbe0\assembly\dl3\0c09fb1f\0026e9c3_5f6fd401\xunit.execution.desktop.dll</ModulePath>
      <ModuleTime>2018-11-08T14:44:04.0743142Z</ModuleTime>
      <ModuleName>xunit.execution.desktop</ModuleName>
      <Classes />
    </Module>
    <Module skippedDueTo="Filter" hash="BA-D5-C6-DC-0C-59-DA-6B-C8-40-22-29-40-86-10-C6-40-6D-57-E5">
      <ModulePath>C:\WINDOWS\Microsoft.Net\assembly\GAC_MSIL\System\v4.0_4.0.0.0__b77a5c561934e089\System.dll</ModulePath>
      <ModuleTime>2018-08-14T02:15:16.7427109Z</ModuleTime>
      <ModuleName>System</ModuleName>
      <Classes />
    </Module>
    <Module skippedDueTo="MissingPdb" hash="7C-19-9B-A7-9C-98-A4-CD-80-0D-D6-12-B4-EA-7D-F7-FC-5D-10-44">
      <ModulePath>C:\Users\jhan\AppData\Local\Temp\32aa2de6-4e7b-4fe8-ab24-039534a7cbe0\32aa2de6-4e7b-4fe8-ab24-039534a7cbe0\assembly\dl3\e37b0f5a\8700127d_7177d401\NukeAutomation_Test.dll</ModulePath>
      <ModuleTime>2018-11-08T14:44:04.1080808Z</ModuleTime>
      <ModuleName>NukeAutomation_Test</ModuleName>
      <Classes />
    </Module>
    <Module skippedDueTo="Filter" hash="AB-51-87-D9-EA-B7-62-25-F7-5B-CB-F6-0B-04-8D-E1-52-75-6F-37">
      <ModulePath>C:\Users\jhan\AppData\Local\Temp\32aa2de6-4e7b-4fe8-ab24-039534a7cbe0\32aa2de6-4e7b-4fe8-ab24-039534a7cbe0\assembly\dl3\4b56ae36\006141cc_5f6fd401\xunit.runner.utility.net452.dll</ModulePath>
      <ModuleTime>2018-11-08T14:44:04.118316Z</ModuleTime>
      <ModuleName>xunit.runner.utility.net452</ModuleName>
      <Classes />
    </Module>
    <Module skippedDueTo="Filter" hash="EA-2C-D7-E4-23-35-C1-89-CC-E5-32-F0-32-CD-EA-0D-E5-30-40-DD">
      <ModulePath>C:\Users\jhan\.nuget\packages\xunit.runner.console\2.4.1\tools\net461\xunit.console.exe</ModulePath>
      <ModuleTime>2018-10-29T08:17:04Z</ModuleTime>
      <ModuleName>xunit.console</ModuleName>
      <Classes />
    </Module>
    <Module skippedDueTo="Filter" hash="EC-C0-2D-AD-FC-F0-70-BA-BC-F3-D2-B5-83-9B-3E-CD-9E-91-10-AA">
      <ModulePath>C:\Users\jhan\AppData\Local\Temp\32aa2de6-4e7b-4fe8-ab24-039534a7cbe0\32aa2de6-4e7b-4fe8-ab24-039534a7cbe0\assembly\dl3\d64115f2\00f9b7c2_5f6fd401\xunit.core.dll</ModulePath>
      <ModuleTime>2018-11-08T14:44:04.1687777Z</ModuleTime>
      <ModuleName>xunit.core</ModuleName>
      <Classes />
    </Module>
    <Module skippedDueTo="Filter" hash="7B-9A-AB-FE-2F-2E-1F-20-5A-36-8B-C0-38-08-BB-92-E3-B7-A8-18">
      <ModulePath>C:\WINDOWS\Microsoft.Net\assembly\GAC_MSIL\System.Core\v4.0_4.0.0.0__b77a5c561934e089\System.Core.dll</ModulePath>
      <ModuleTime>2018-08-14T02:15:16.8520929Z</ModuleTime>
      <ModuleName>System.Core</ModuleName>
      <Classes />
    </Module>
    <Module skippedDueTo="Filter" hash="F1-67-10-FE-CA-06-2B-45-18-C0-DB-E8-DB-07-A4-7E-5B-25-BD-51">
      <ModulePath>C:\WINDOWS\Microsoft.Net\assembly\GAC_MSIL\System.Runtime\v4.0_4.0.0.0__b03f5f7f11d50a3a\System.Runtime.dll</ModulePath>
      <ModuleTime>2018-04-11T23:35:18.1697369Z</ModuleTime>
      <ModuleName>System.Runtime</ModuleName>
      <Classes />
    </Module>
    <Module skippedDueTo="Filter" hash="F4-54-C7-59-FD-61-E7-47-4E-0A-64-35-96-3E-28-5D-B6-8C-21-86">
      <ModulePath>C:\WINDOWS\Microsoft.Net\assembly\GAC_MSIL\System.Threading.Tasks\v4.0_4.0.0.0__b03f5f7f11d50a3a\System.Threading.Tasks.dll</ModulePath>
      <ModuleTime>2018-04-11T23:35:16.8102601Z</ModuleTime>
      <ModuleName>System.Threading.Tasks</ModuleName>
      <Classes />
    </Module>
    <Module skippedDueTo="Filter" hash="1D-38-FA-64-8C-19-3B-5A-2F-20-D8-11-BB-40-9E-11-85-D9-1B-CD">
      <ModulePath>C:\Users\jhan\source\repos\NukeAutomation\tests\NukeAutomation_Test\bin\Debug\net461\xunit.execution.desktop.dll</ModulePath>
      <ModuleTime>2018-10-29T08:17:00Z</ModuleTime>
      <ModuleName>xunit.execution.desktop</ModuleName>
      <Classes />
    </Module>
    <Module skippedDueTo="Filter" hash="EC-C0-2D-AD-FC-F0-70-BA-BC-F3-D2-B5-83-9B-3E-CD-9E-91-10-AA">
      <ModulePath>C:\Users\jhan\source\repos\NukeAutomation\tests\NukeAutomation_Test\bin\Debug\net461\xunit.core.dll</ModulePath>
      <ModuleTime>2018-10-29T08:16:58Z</ModuleTime>
      <ModuleName>xunit.core</ModuleName>
      <Classes />
    </Module>
    <Module skippedDueTo="Filter" hash="F1-67-10-FE-CA-06-2B-45-18-C0-DB-E8-DB-07-A4-7E-5B-25-BD-51">
      <ModulePath>C:\WINDOWS\Microsoft.Net\assembly\GAC_MSIL\System.Runtime\v4.0_4.0.0.0__b03f5f7f11d50a3a\System.Runtime.dll</ModulePath>
      <ModuleTime>2018-04-11T23:35:18.1697369Z</ModuleTime>
      <ModuleName>System.Runtime</ModuleName>
      <Classes />
    </Module>
    <Module skippedDueTo="Filter" hash="F4-54-C7-59-FD-61-E7-47-4E-0A-64-35-96-3E-28-5D-B6-8C-21-86">
      <ModulePath>C:\WINDOWS\Microsoft.Net\assembly\GAC_MSIL\System.Threading.Tasks\v4.0_4.0.0.0__b03f5f7f11d50a3a\System.Threading.Tasks.dll</ModulePath>
      <ModuleTime>2018-04-11T23:35:16.8102601Z</ModuleTime>
      <ModuleName>System.Threading.Tasks</ModuleName>
      <Classes />
    </Module>
    <Module skippedDueTo="Filter" hash="26-E0-34-D3-A9-C4-33-7A-2B-12-1B-03-1E-48-23-95-AB-44-04-80">
      <ModulePath>C:\WINDOWS\Microsoft.Net\assembly\GAC_MSIL\System.Collections\v4.0_4.0.0.0__b03f5f7f11d50a3a\System.Collections.dll</ModulePath>
      <ModuleTime>2018-04-11T23:35:19.74798Z</ModuleTime>
      <ModuleName>System.Collections</ModuleName>
      <Classes />
    </Module>
    <Module skippedDueTo="Filter" hash="A9-83-11-F0-BE-0C-4A-A2-E7-49-98-89-7D-9D-A5-9B-BA-83-BA-E0">
      <ModulePath>C:\WINDOWS\Microsoft.Net\assembly\GAC_MSIL\System.Linq\v4.0_4.0.0.0__b03f5f7f11d50a3a\System.Linq.dll</ModulePath>
      <ModuleTime>2018-04-11T23:35:18.2634939Z</ModuleTime>
      <ModuleName>System.Linq</ModuleName>
      <Classes />
    </Module>
    <Module skippedDueTo="MissingPdb" hash="B4-E6-16-C1-FA-43-EA-35-C2-A8-E3-B0-87-8F-01-79-B7-F8-94-17">
      <ModulePath>C:\Users\jhan\AppData\Local\Temp\32aa2de6-4e7b-4fe8-ab24-039534a7cbe0\32aa2de6-4e7b-4fe8-ab24-039534a7cbe0\assembly\dl3\f40ba6fd\00fd8bd3_3876d401\Shouldly.dll</ModulePath>
      <ModuleTime>2018-11-08T14:44:04.8948311Z</ModuleTime>
      <ModuleName>Shouldly</ModuleName>
      <Classes />
    </Module>
  </Modules>
</CoverageSession>